<?xml version="1.0" encoding="UTF-8"?>
<!-- Generated by org.testng.reporters.JUnitReportReporter -->
<testsuite hostname="LAPTOP-J5LK1J5I" failures="0" tests="2" name="qaclickacademy.AppiumTest" time="0.019" errors="0" timestamp="2020-12-15T01:25:10 IST" skipped="0">
  <testcase classname="qaclickacademy.AppiumTest" name="NativeAndriodApp" time="0.009"/>
  <system-out/>
  <testcase classname="qaclickacademy.AppiumTest" name="iosAPP" time="0.010"/>
  <system-out/>
</testsuite> <!-- qaclickacademy.AppiumTest -->
